0 info it worked if it ends with ok
1 verbose cli [ 'node', '/home/pawel/.nvm/v0.10.36/bin/npm', 'publish', './' ]
2 info using npm@2.3.0
3 info using node@v0.10.36
4 verbose publish [ './' ]
5 verbose stack Error: Failed to parse json
5 verbose stack Unexpected token }
5 verbose stack     at parseError (/home/pawel/.nvm/v0.10.36/lib/node_modules/npm/node_modules/read-package-json/read-json.js:378:25)
5 verbose stack     at parseJson (/home/pawel/.nvm/v0.10.36/lib/node_modules/npm/node_modules/read-package-json/read-json.js:85:51)
5 verbose stack     at /home/pawel/.nvm/v0.10.36/lib/node_modules/npm/node_modules/read-package-json/read-json.js:59:33
5 verbose stack     at evalmachine.<anonymous>:272:14
5 verbose stack     at /home/pawel/.nvm/v0.10.36/lib/node_modules/npm/node_modules/graceful-fs/graceful-fs.js:102:5
5 verbose stack     at Object.oncomplete (evalmachine.<anonymous>:108:15)
6 verbose cwd /home/pawel/dev/dev/current/open source/youthumb
7 error Linux 3.13.0-24-generic
8 error argv "node" "/home/pawel/.nvm/v0.10.36/bin/npm" "publish" "./"
9 error node v0.10.36
10 error npm  v2.3.0
11 error file /home/pawel/dev/dev/current/open source/youthumb/package.json
12 error code EJSONPARSE
13 error Failed to parse json
13 error Unexpected token }
14 error File: /home/pawel/dev/dev/current/open source/youthumb/package.json
15 error Failed to parse package.json data.
15 error package.json must be actual JSON, not just JavaScript.
15 error
15 error This is not a bug in npm.
15 error Tell the package author to fix their package.json file. JSON.parse
16 verbose exit [ 1, true ]
